core/olia-top.owl ... ok
core/olia.owl ... ok
core/system.owl ... ok
stable/alpino-link.rdf ... ok
stable/alpino.owl ... ok
stable/ancorra-link.rdf ... ok
stable/ancorra.owl ... ok
stable/arabic_khoja-link.rdf ... ok
stable/arabic_khoja.owl ... ok
stable/basque.owl ... ok
stable/bll-link.rdf ... ok
stable/brown-link.rdf ... ok
stable/brown.owl ... ok
stable/connexor-link.rdf ... ok
stable/connexor-phrase-link.rdf ... ok
stable/connexor.owl ... ok
stable/dzongkha-link.rdf ... ok
stable/dzongkha.owl ... ok
stable/eagles-link.rdf ... ok
stable/eagles.owl ... ok
stable/emille-link.rdf ... ok
stable/emille.owl ... ok
stable/french-tt.owl ... ok
stable/french.owl ... ok
stable/genia-link.rdf ... ok
stable/genia.owl ... ok
stable/iiit-link.rdf ... ok
stable/iiit.owl ... ok
stable/ilposts-link.rdf ... ok
stable/ilposts.owl ... ok
stable/indian.owl ... ok
stable/lassy-short-link.rdf ... ok
stable/lassy-short.owl ... ok
stable/lexinfo-link.rdf ... ok
stable/lexinfo.owl ... warning: missing language statement ... ok
stable/mamba-link.rdf ... ok
stable/mamba-syntax-link.rdf ... ok
stable/mamba-syntax.owl ... ok
stable/mamba.owl ... ok
stable/morphisto-link.rdf ... ok
stable/morphisto.owl ... ok
stable/msd-bg-link.rdf ... ok
stable/msd-cs-link.rdf ... ok
stable/msd-en-link.rdf ... ok
stable/msd-et-link.rdf ... ok
stable/msd-fa-link.rdf ... ok
stable/msd-hu-link.rdf ... ok
stable/msd-mk-link.rdf ... ok
stable/msd-pl-link.rdf ... ok
stable/msd-ro-link.rdf ... ok
stable/msd-ru-link.rdf ... ok
stable/msd-sk-link.rdf ... ok
stable/msd-sl-link.rdf ... ok
stable/msd-sl-rozaj-link.rdf ... ok
stable/msd-sr-link.rdf ... ok
stable/msd-uk-link.rdf ... ok
stable/mte-link.rdf ... ok
stable/multext-east.owl ... ok
stable/multext_east/all.owl ... ok
stable/multext_east/msd-bg.owl ... ok
stable/multext_east/msd-cs.owl ... ok
stable/multext_east/msd-en.owl ... ok
stable/multext_east/msd-et.owl ... ok
stable/multext_east/msd-fa.owl ... ok
stable/multext_east/msd-hu.owl ... ok
stable/multext_east/msd-mk.owl ... ok
stable/multext_east/msd-pl.owl ... ok
stable/multext_east/msd-ro.owl ... ok
stable/multext_east/msd-ru.owl ... ok
stable/multext_east/msd-sk.owl ... ok
stable/multext_east/msd-sl-rozaj.owl ... ok
stable/multext_east/msd-sl.owl ... ok
stable/multext_east/msd-sr.owl ... ok
stable/multext_east/msd-uk.owl ... ok
stable/multext_east/multext-east.owl ... ok
stable/multext_east/system.owl ... warning: missing language statement ... ok
stable/parole_es_cat.owl ... ok
stable/pctb.owl ... ok
stable/penn-link.rdf ... ok
stable/penn-syntax-link.rdf ... ok
stable/penn-syntax.owl ... ok
stable/penn.owl ... ok
stable/ppcme2-link.rdf ... ok
stable/ppcme2.owl ... ok
stable/proiel-link.rdf ... ok
stable/proiel.owl ... ok
stable/qtag-link.rdf ... ok
stable/qtag.owl ... ok
stable/russ-link.rdf ... ok
stable/russ.owl ... ok
stable/russleeds-link.rdf ... ok
stable/russleeds.owl ... ok
stable/sfb632-link.rdf ... ok
stable/sfb632.owl ... ok
stable/stanford-link.rdf ... ok
stable/stanford.owl ... ok
stable/stts-link.rdf ... ok
stable/stts.owl ... ok
stable/suc-link.rdf ... ok
stable/suc.owl ... ok
stable/susa-link.rdf ... ok
stable/susa.owl ... ok
stable/tcodex-link.rdf ... ok
stable/tcodex.owl ... ok
stable/tibet-link.rdf ... ok
stable/tibet.owl ... ok
stable/tibet_old.owl ... ok
stable/tiger-link.rdf ... ok
stable/tiger-syntax.owl ... ok
stable/tiger.owl ... ok
stable/treetagger-german.owl ... ok
stable/treetagger-link.rdf ... ok
stable/tueba-link.rdf ... ok
stable/tueba.owl ... ok
stable/turkish.owl ... ok
stable/ubyCat-link.rdf ... ok
stable/ubyCat.owl ... ok
stable/ubyPos-link.rdf ... ok
stable/ubyPos.owl ... ok
stable/ud-dep-link.rdf ... ok
stable/ud-pos-link.rdf ... ok
stable/up/ar-padt-link.rdf ... warning: missing license ... ok
stable/up/ar-padt.owl ... warning: missing license ... ok
stable/up/bg-btb-link.rdf ... warning: missing license ... ok
stable/up/bg-btb.owl ... warning: missing license ... ok
stable/up/ca-cat3lb-link.rdf ... warning: missing license ... ok
stable/up/ca-cat3lb.owl ... warning: missing license ... ok
stable/up/cs-pdt-link.rdf ... warning: missing license ... ok
stable/up/cs-pdt.owl ... warning: missing license ... ok
stable/up/da-ddt-link.rdf ... warning: missing license ... ok
stable/up/da-ddt.owl ... warning: missing license ... ok
stable/up/el-gdt-link.rdf ... warning: missing license ... ok
stable/up/el-gdt.owl ... warning: missing license ... ok
stable/up/en-claws-link.rdf ... warning: missing license ... ok
stable/up/en-claws.owl ... warning: missing license ... ok
stable/up/en-tweet-link.rdf ... warning: missing license ... ok
stable/up/en-tweet.owl ... warning: missing license ... ok
stable/up/es-cast3lb-link.rdf ... warning: missing license ... ok
stable/up/es-cast3lb.owl ... warning: missing license ... ok
stable/up/es-eagles-link.rdf ... warning: missing license ... ok
stable/up/es-eagles.owl ... warning: missing license ... ok
stable/up/es-iula-link.rdf ... warning: missing license ... ok
stable/up/es-iula.owl ... warning: missing license ... ok
stable/up/es-treetagger-link.rdf ... warning: missing license ... ok
stable/up/es-treetagger.owl ... warning: missing license ... ok
stable/up/eu-eus3lb-link.rdf ... warning: missing license ... ok
stable/up/eu-eus3lb.owl ... warning: missing license ... ok
stable/up/fi-tdt-link.rdf ... warning: missing license ... ok
stable/up/fi-tdt.owl ... warning: missing license ... ok
stable/up/fr-paris-link.rdf ... warning: missing license ... ok
stable/up/fr-paris.owl ... warning: missing license ... ok
stable/up/hu-szeged-link.rdf ... warning: missing license ... ok
stable/up/hu-szeged.owl ... warning: missing license ... ok
stable/up/it-isst-link.rdf ... warning: missing license ... ok
stable/up/it-isst.owl ... warning: missing license ... ok
stable/up/iw-mila-link.rdf ... warning: missing license ... ok
stable/up/iw-mila.owl ... warning: missing license ... ok
stable/up/ja-kyoto-link.rdf ... warning: missing license ... ok
stable/up/ja-kyoto.owl ... warning: missing license ... ok
stable/up/ja-verbmobil-link.rdf ... warning: missing license ... ok
stable/up/ja-verbmobil.owl ... warning: missing license ... ok
stable/up/ko-sejong-link.rdf ... warning: missing license ... ok
stable/up/ko-sejong.owl ... warning: missing license ... ok
stable/up/pl-ipipan-link.rdf ... warning: missing license ... ok
stable/up/pl-ipipan.owl ... warning: missing license ... ok
stable/up/pt-bosque-link.rdf ... warning: missing license ... ok
stable/up/pt-bosque.owl ... warning: missing license ... ok
stable/up/ru-rnc-link.rdf ... warning: missing license ... ok
stable/up/ru-rnc.owl ... warning: missing license ... ok
stable/up/sl-sdt-link.rdf ... warning: missing license ... ok
stable/up/sl-sdt.owl ... warning: missing license ... ok
stable/up/sv-talbanken-link.rdf ... warning: missing license ... ok
stable/up/sv-talbanken.owl ... warning: missing license ... ok
stable/up/tu-metusbanci-link.rdf ... warning: missing license ... ok
stable/up/tu-metusbanci.owl ... warning: missing license ... ok
stable/up/zh-ctb6-link.rdf ... warning: missing license ... ok
stable/up/zh-ctb6.owl ... warning: missing license ... ok
stable/up/zh-sinica-link.rdf ... warning: missing license ... ok
stable/up/zh-sinica.owl ... warning: missing license ... ok
stable/urdu-link.rdf ... ok
stable/urdu.owl ... ok
stable/ycoe-link.rdf ... ok
stable/ycoe.owl ... ok
